#
# There is insufficient memory for the Java Runtime Environment to continue.
# Native memory allocation (malloc) failed to allocate 1453136 bytes for Chunk::new
# Possible reasons:
#   The system is out of physical RAM or swap space
#   In 32 bit mode, the process size limit was hit
# Possible solutions:
#   Reduce memory load on the system
#   Increase physical memory or swap space
#   Check if swap backing store is full
#   Use 64 bit Java on a 64 bit OS
#   Decrease Java heap size (-Xmx/-Xms)
#   Decrease number of Java threads
#   Decrease Java thread stack sizes (-Xss)
#   Set larger code cache with -XX:ReservedCodeCacheSize=
# This output file may be truncated or incomplete.
#
#  Out of Memory Error (allocation.cpp:390), pid=25864, tid=0x0000000000005aec
#
# JRE version: Java(TM) SE Runtime Environment (8.0_121-b13) (build 1.8.0_121-b13)
# Java VM: Java HotSpot(TM) 64-Bit Server VM (25.121-b13 mixed mode windows-amd64 compressed oops)
# Failed to write core dump. Minidumps are not enabled by default on client versions of Windows
#

---------------  T H R E A D  ---------------

Current thread (0x000000001efba000):  JavaThread "C2 CompilerThread1" daemon [_thread_in_native, id=23276, stack(0x000000001f7e0000,0x000000001f8e0000)]

Stack: [0x000000001f7e0000,0x000000001f8e0000]
[error occurred during error reporting (printing stack bounds), id 0xc0000005]

Native frames: (J=compiled Java code, j=interpreted, Vv=VM code, C=native code)


Current CompileTask:
C2:   8434 5485   !   4       java.net.URLClassLoader$1::run (63 bytes)


---------------  P R O C E S S  ---------------

Java Threads: ( => current thread )
  0x000000002681c800 JavaThread "pool-2-thread-1" [_thread_blocked, id=15132, stack(0x0000000027eb0000,0x0000000027fb0000)]
  0x000000002615c000 JavaThread "File lock request listener" [_thread_in_native, id=25664, stack(0x00000000279b0000,0x0000000027ab0000)]
  0x00000000214ae000 JavaThread "pool-1-thread-1" [_thread_blocked, id=5732, stack(0x0000000021530000,0x0000000021630000)]
  0x000000001f03d800 JavaThread "Service Thread" daemon [_thread_blocked, id=24908, stack(0x000000001fae0000,0x000000001fbe0000)]
  0x000000001f020800 JavaThread "C1 CompilerThread3" daemon [_thread_blocked, id=26572, stack(0x000000001f9e0000,0x000000001fae0000)]
  0x000000001f01a000 JavaThread "C2 CompilerThread2" daemon [_thread_in_native, id=23836, stack(0x000000001f8e0000,0x000000001f9e0000)]
=>0x000000001efba000 JavaThread "C2 CompilerThread1" daemon [_thread_in_native, id=23276, stack(0x000000001f7e0000,0x000000001f8e0000)]
  0x000000001efb7000 JavaThread "C2 CompilerThread0" daemon [_thread_in_native, id=16772, stack(0x000000001f6e0000,0x000000001f7e0000)]
  0x000000001efb5800 JavaThread "Attach Listener" daemon [_thread_blocked, id=25592, stack(0x000000001f5e0000,0x000000001f6e0000)]
  0x000000001f015800 JavaThread "Signal Dispatcher" daemon [_thread_blocked, id=10356, stack(0x000000001f4e0000,0x000000001f5e0000)]
  0x0000000003659800 JavaThread "Finalizer" daemon [_thread_blocked, id=16988, stack(0x000000001f380000,0x000000001f480000)]
  0x0000000003656000 JavaThread "Reference Handler" daemon [_thread_blocked, id=22472, stack(0x000000001ee80000,0x000000001ef80000)]
  0x000000000355d800 JavaThread "main" [_thread_in_vm, id=24516, stack(0x0000000003430000,0x0000000003530000)]

Other Threads:
  0x000000001d099800 VMThread [stack: 0x000000001ed80000,0x000000001ee80000] [id=9412]
  0x000000001f112000 WatcherThread [stack: 0x000000001fbe0000,0x000000001fce0000] [id=5756]

VM state:not at safepoint (normal execution)

VM Mutex/Monitor currently owned by a thread: None

Heap:
 PSYoungGen      total 219136K, used 37825K [0x000000076b300000, 0x000000077c800000, 0x00000007c0000000)
  eden space 208384K, 12% used [0x000000076b300000,0x000000076cd73d18,0x0000000777e80000)
  from space 10752K, 99% used [0x000000077bd80000,0x000000077c7fc868,0x000000077c800000)
  to   space 10752K, 0% used [0x000000077b300000,0x000000077b300000,0x000000077bd80000)
 ParOldGen       total 151552K, used 23888K [0x00000006c1800000, 0x00000006cac00000, 0x000000076b300000)
  object space 151552K, 15% used [0x00000006c1800000,0x00000006c2f54140,0x00000006cac00000)
 Metaspace       used 45533K, capacity 46660K, committed 46720K, reserved 1089536K
  class space    used 6188K, capacity 6482K, committed 6528K, reserved 1048576K

Card table byte_map: [0x0000000012a20000,0x0000000013220000] byte_map_base: 0x000000000f414000

Marking Bits: (ParMarkBitMap*) 0x000000005aa9b6d0
 Begin Bits: [0x0000000013f70000, 0x0000000017f10000)
 End Bits:   [0x0000000017f10000, 0x000000001beb0000)

Polling page: 0x0000000003030000

CodeCache: size=245760Kb used=18589Kb max_used=18606Kb free=227170Kb
 bounds [0x0000000003660000, 0x00000000048c0000, 0x0000000012660000]
 total_blobs=5768 nmethods=5067 adapters=612
 compilation: enabled

Compilation events (10 events):
Event: 8.378 Thread 0x000000001f01a000 nmethod 5617 0x0000000003a40290 code [0x0000000003a40580, 0x0000000003a41358]
Event: 8.378 Thread 0x000000001f01a000 5620       4       org.objectweb.asm.ClassWriter::a (70 bytes)
Event: 8.379 Thread 0x000000001f020800 5621       3       org.gradle.api.internal.project.taskfactory.AnnotationProcessingTaskFactory$Validator::attachActions (251 bytes)
Event: 8.382 Thread 0x000000001f020800 nmethod 5621 0x0000000004135e50 code [0x0000000004136200, 0x0000000004138418]
Event: 8.382 Thread 0x000000001f020800 5624       3       org.gradle.model.internal.core.TypeCompatibilityModelProjectionSupport::<init> (10 bytes)
Event: 8.382 Thread 0x000000001f020800 nmethod 5624 0x000000000411f4d0 code [0x000000000411f620, 0x000000000411f7f0]
Event: 8.382 Thread 0x000000001f020800 5623       1       org.gradle.api.internal.tasks.DefaultTaskInputs::access$300 (5 bytes)
Event: 8.383 Thread 0x000000001f020800 nmethod 5623 0x00000000041211d0 code [0x0000000004121320, 0x0000000004121410]
Event: 8.389 Thread 0x000000001f01a000 nmethod 5620 0x000000000415aed0 code [0x000000000415b0a0, 0x000000000415b890]
Event: 8.389 Thread 0x000000001f01a000 5622       4       org.gradle.api.internal.project.taskfactory.AnnotationProcessingTaskFactory$Validator::attachValidationAction (83 bytes)

GC Heap History (10 events):
Event: 2.131 GC heap before
{Heap before GC invocations=4 (full 1):
 PSYoungGen      total 141824K, used 8304K [0x000000076b300000, 0x000000077c800000, 0x00000007c0000000)
  eden space 131072K, 0% used [0x000000076b300000,0x000000076b300000,0x0000000773300000)
  from space 10752K, 77% used [0x0000000773300000,0x0000000773b1c070,0x0000000773d80000)
  to   space 10752K, 0% used [0x000000077bd80000,0x000000077bd80000,0x000000077c800000)
 ParOldGen       total 175104K, used 2861K [0x00000006c1800000, 0x00000006cc300000, 0x000000076b300000)
  object space 175104K, 1% used [0x00000006c1800000,0x00000006c1acb528,0x00000006cc300000)
 Metaspace       used 20968K, capacity 21166K, committed 21296K, reserved 1067008K
  class space    used 2861K, capacity 2934K, committed 2944K, reserved 1048576K
Event: 2.177 GC heap after
Heap after GC invocations=4 (full 1):
 PSYoungGen      total 141824K, used 0K [0x000000076b300000, 0x000000077c800000, 0x00000007c0000000)
  eden space 131072K, 0% used [0x000000076b300000,0x000000076b300000,0x0000000773300000)
  from space 10752K, 0% used [0x0000000773300000,0x0000000773300000,0x0000000773d80000)
  to   space 10752K, 0% used [0x000000077bd80000,0x000000077bd80000,0x000000077c800000)
 ParOldGen       total 100352K, used 8163K [0x00000006c1800000, 0x00000006c7a00000, 0x000000076b300000)
  object space 100352K, 8% used [0x00000006c1800000,0x00000006c1ff8e28,0x00000006c7a00000)
 Metaspace       used 20968K, capacity 21166K, committed 21296K, reserved 1067008K
  class space    used 2861K, capacity 2934K, committed 2944K, reserved 1048576K
}
Event: 4.083 GC heap before
{Heap before GC invocations=5 (full 1):
 PSYoungGen      total 141824K, used 131072K [0x000000076b300000, 0x000000077c800000, 0x00000007c0000000)
  eden space 131072K, 100% used [0x000000076b300000,0x0000000773300000,0x0000000773300000)
  from space 10752K, 0% used [0x0000000773300000,0x0000000773300000,0x0000000773d80000)
  to   space 10752K, 0% used [0x000000077bd80000,0x000000077bd80000,0x000000077c800000)
 ParOldGen       total 100352K, used 8163K [0x00000006c1800000, 0x00000006c7a00000, 0x000000076b300000)
  object space 100352K, 8% used [0x00000006c1800000,0x00000006c1ff8e28,0x00000006c7a00000)
 Metaspace       used 31185K, capacity 31714K, committed 32000K, reserved 1077248K
  class space    used 4298K, capacity 4510K, committed 4608K, reserved 1048576K
Event: 4.091 GC heap after
Heap after GC invocations=5 (full 1):
 PSYoungGen      total 219136K, used 10738K [0x000000076b300000, 0x000000077c800000, 0x00000007c0000000)
  eden space 208384K, 0% used [0x000000076b300000,0x000000076b300000,0x0000000777e80000)
  from space 10752K, 99% used [0x000000077bd80000,0x000000077c7fcb48,0x000000077c800000)
  to   space 10752K, 0% used [0x000000077b300000,0x000000077b300000,0x000000077bd80000)
 ParOldGen       total 100352K, used 10277K [0x00000006c1800000, 0x00000006c7a00000, 0x000000076b300000)
  object space 100352K, 10% used [0x00000006c1800000,0x00000006c2209488,0x00000006c7a00000)
 Metaspace       used 31185K, capacity 31714K, committed 32000K, reserved 1077248K
  class space    used 4298K, capacity 4510K, committed 4608K, reserved 1048576K
}
Event: 4.673 GC heap before
{Heap before GC invocations=6 (full 1):
 PSYoungGen      total 219136K, used 81722K [0x000000076b300000, 0x000000077c800000, 0x00000007c0000000)
  eden space 208384K, 34% used [0x000000076b300000,0x000000076f8520b0,0x0000000777e80000)
  from space 10752K, 99% used [0x000000077bd80000,0x000000077c7fcb48,0x000000077c800000)
  to   space 10752K, 0% used [0x000000077b300000,0x000000077b300000,0x000000077bd80000)
 ParOldGen       total 100352K, used 10277K [0x00000006c1800000, 0x00000006c7a00000, 0x000000076b300000)
  object space 100352K, 10% used [0x00000006c1800000,0x00000006c2209488,0x00000006c7a00000)
 Metaspace       used 34610K, capacity 35150K, committed 35496K, reserved 1079296K
  class space    used 4709K, capacity 4859K, committed 4864K, reserved 1048576K
Event: 4.682 GC heap after
Heap after GC invocations=6 (full 1):
 PSYoungGen      total 219136K, used 10724K [0x000000076b300000, 0x000000077c800000, 0x00000007c0000000)
  eden space 208384K, 0% used [0x000000076b300000,0x000000076b300000,0x0000000777e80000)
  from space 10752K, 99% used [0x000000077b300000,0x000000077bd79128,0x000000077bd80000)
  to   space 10752K, 0% used [0x000000077bd80000,0x000000077bd80000,0x000000077c800000)
 ParOldGen       total 100352K, used 11519K [0x00000006c1800000, 0x00000006c7a00000, 0x000000076b300000)
  object space 100352K, 11% used [0x00000006c1800000,0x00000006c233fec0,0x00000006c7a00000)
 Metaspace       used 34610K, capacity 35150K, committed 35496K, reserved 1079296K
  class space    used 4709K, capacity 4859K, committed 4864K, reserved 1048576K
}
Event: 4.682 GC heap before
{Heap before GC invocations=7 (full 2):
 PSYoungGen      total 219136K, used 10724K [0x000000076b300000, 0x000000077c800000, 0x00000007c0000000)
  eden space 208384K, 0% used [0x000000076b300000,0x000000076b300000,0x0000000777e80000)
  from space 10752K, 99% used [0x000000077b300000,0x000000077bd79128,0x000000077bd80000)
  to   space 10752K, 0% used [0x000000077bd80000,0x000000077bd80000,0x000000077c800000)
 ParOldGen       total 100352K, used 11519K [0x00000006c1800000, 0x00000006c7a00000, 0x000000076b300000)
  object space 100352K, 11% used [0x00000006c1800000,0x00000006c233fec0,0x00000006c7a00000)
 Metaspace       used 34610K, capacity 35150K, committed 35496K, reserved 1079296K
  class space    used 4709K, capacity 4859K, committed 4864K, reserved 1048576K
Event: 4.738 GC heap after
Heap after GC invocations=7 (full 2):
 PSYoungGen      total 219136K, used 0K [0x000000076b300000, 0x000000077c800000, 0x00000007c0000000)
  eden space 208384K, 0% used [0x000000076b300000,0x000000076b300000,0x0000000777e80000)
  from space 10752K, 0% used [0x000000077b300000,0x000000077b300000,0x000000077bd80000)
  to   space 10752K, 0% used [0x000000077bd80000,0x000000077bd80000,0x000000077c800000)
 ParOldGen       total 151552K, used 19657K [0x00000006c1800000, 0x00000006cac00000, 0x000000076b300000)
  object space 151552K, 12% used [0x00000006c1800000,0x00000006c2b32740,0x00000006cac00000)
 Metaspace       used 34610K, capacity 35150K, committed 35496K, reserved 1079296K
  class space    used 4709K, capacity 4859K, committed 4864K, reserved 1048576K
}
Event: 8.183 GC heap before
{Heap before GC invocations=8 (full 2):
 PSYoungGen      total 219136K, used 208384K [0x000000076b300000, 0x000000077c800000, 0x00000007c0000000)
  eden space 208384K, 100% used [0x000000076b300000,0x0000000777e80000,0x0000000777e80000)
  from space 10752K, 0% used [0x000000077b300000,0x000000077b300000,0x000000077bd80000)
  to   space 10752K, 0% used [0x000000077bd80000,0x000000077bd80000,0x000000077c800000)
 ParOldGen       total 151552K, used 19657K [0x00000006c1800000, 0x00000006cac00000, 0x000000076b300000)
  object space 151552K, 12% used [0x00000006c1800000,0x00000006c2b32740,0x00000006cac00000)
 Metaspace       used 43776K, capacity 44750K, committed 44928K, reserved 1087488K
  class space    used 5924K, capacity 6185K, committed 6272K, reserved 1048576K
Event: 8.195 GC heap after
Heap after GC invocations=8 (full 2):
 PSYoungGen      total 219136K, used 10738K [0x000000076b300000, 0x000000077c800000, 0x00000007c0000000)
  eden space 208384K, 0% used [0x000000076b300000,0x000000076b300000,0x0000000777e80000)
  from space 10752K, 99% used [0x000000077bd80000,0x000000077c7fc868,0x000000077c800000)
  to   space 10752K, 0% used [0x000000077b300000,0x000000077b300000,0x000000077bd80000)
 ParOldGen       total 151552K, used 23888K [0x00000006c1800000, 0x00000006cac00000, 0x000000076b300000)
  object space 151552K, 15% used [0x00000006c1800000,0x00000006c2f54140,0x00000006cac00000)
 Metaspace       used 43776K, capacity 44750K, committed 44928K, reserved 1087488K
  class space    used 5924K, capacity 6185K, committed 6272K, reserved 1048576K
}

Deoptimization events (10 events):
Event: 7.729 Thread 0x000000000355d800 Uncommon trap: reason=class_check action=maybe_recompile pc=0x00000000047065d0 method=com.sun.org.apache.xerces.internal.impl.XMLDocumentFragmentScannerImpl$FragmentContentDriver.next()I @ 439
Event: 7.763 Thread 0x000000000355d800 Uncommon trap: reason=unstable_if action=reinterpret pc=0x0000000003e74220 method=org.apache.xerces.impl.XMLEntityScanner.skipSpaces()Z @ 60
Event: 7.764 Thread 0x000000000355d800 Uncommon trap: reason=class_check action=maybe_recompile pc=0x0000000003d95f58 method=java.util.Hashtable.get(Ljava/lang/Object;)Ljava/lang/Object; @ 6
Event: 7.770 Thread 0x000000000355d800 Uncommon trap: reason=unstable_if action=reinterpret pc=0x0000000003ebdee0 method=org.apache.xerces.util.SymbolTable.addSymbol([CII)Ljava/lang/String; @ 56
Event: 7.770 Thread 0x000000000355d800 Uncommon trap: reason=unstable_if action=reinterpret pc=0x0000000003ea0100 method=org.apache.xerces.impl.XMLEntityScanner.peekChar()I @ 14
Event: 7.831 Thread 0x000000000355d800 Uncommon trap: reason=class_check action=maybe_recompile pc=0x0000000003d95f58 method=java.util.Hashtable.get(Ljava/lang/Object;)Ljava/lang/Object; @ 6
Event: 7.948 Thread 0x000000000355d800 Uncommon trap: reason=class_check action=maybe_recompile pc=0x0000000003d95f58 method=java.util.Hashtable.get(Ljava/lang/Object;)Ljava/lang/Object; @ 6
Event: 7.994 Thread 0x000000000355d800 Uncommon trap: reason=class_check action=maybe_recompile pc=0x0000000003d95f58 method=java.util.Hashtable.get(Ljava/lang/Object;)Ljava/lang/Object; @ 6
Event: 8.056 Thread 0x000000000355d800 Uncommon trap: reason=unstable_if action=reinterpret pc=0x0000000004635e64 method=java.util.HashMap$HashIterator.<init>(Ljava/util/HashMap;)V @ 45
Event: 8.198 Thread 0x0000000003659800 Uncommon trap: reason=unstable_if action=reinterpret pc=0x00000000039a1354 method=java.lang.ref.ReferenceQueue.poll()Ljava/lang/ref/Reference; @ 4

Internal exceptions (10 events):
Event: 8.248 Thread 0x000000000355d800 Exception <a 'java/lang/ClassNotFoundException': com/android/build/gradle/tasks/ProcessAndroidResourcesCustomizer> (0x000000076bc11d38) thrown at [C:\re\workspace\8-2-build-windows-amd64-cygwin\jdk8u121\8372\hotspot\src\share\vm\classfile\systemDictionary
Event: 8.250 Thread 0x000000000355d800 Exception <a 'java/lang/ClassNotFoundException': com/android/build/gradle/tasks/ProcessAndroidResources_DecoratedCustomizer> (0x000000076bc792a0) thrown at [C:\re\workspace\8-2-build-windows-amd64-cygwin\jdk8u121\8372\hotspot\src\share\vm\classfile\system
Event: 8.295 Thread 0x000000000355d800 Exception <a 'java/lang/ClassNotFoundException': com/android/build/gradle/tasks/AidlCompile_DecoratedBeanInfo> (0x000000076c012030) thrown at [C:\re\workspace\8-2-build-windows-amd64-cygwin\jdk8u121\8372\hotspot\src\share\vm\classfile\systemDictionary.cpp
Event: 8.295 Thread 0x000000000355d800 Exception <a 'java/lang/ClassNotFoundException': com/android/build/gradle/tasks/AidlCompileBeanInfo> (0x000000076c024550) thrown at [C:\re\workspace\8-2-build-windows-amd64-cygwin\jdk8u121\8372\hotspot\src\share\vm\classfile\systemDictionary.cpp, line 210
Event: 8.295 Thread 0x000000000355d800 Exception <a 'java/lang/ClassNotFoundException': com/android/build/gradle/tasks/AidlCompileCustomizer> (0x000000076c037318) thrown at [C:\re\workspace\8-2-build-windows-amd64-cygwin\jdk8u121\8372\hotspot\src\share\vm\classfile\systemDictionary.cpp, line 2
Event: 8.296 Thread 0x000000000355d800 Exception <a 'java/lang/ClassNotFoundException': com/android/build/gradle/tasks/AidlCompile_DecoratedCustomizer> (0x000000076c06ee00) thrown at [C:\re\workspace\8-2-build-windows-amd64-cygwin\jdk8u121\8372\hotspot\src\share\vm\classfile\systemDictionary.c
Event: 8.337 Thread 0x000000000355d800 Exception <a 'java/lang/ClassNotFoundException': com/android/build/gradle/tasks/NdkCompile_DecoratedBeanInfo> (0x000000076c55f730) thrown at [C:\re\workspace\8-2-build-windows-amd64-cygwin\jdk8u121\8372\hotspot\src\share\vm\classfile\systemDictionary.cpp,
Event: 8.338 Thread 0x000000000355d800 Exception <a 'java/lang/ClassNotFoundException': com/android/build/gradle/tasks/NdkCompileBeanInfo> (0x000000076c5710c0) thrown at [C:\re\workspace\8-2-build-windows-amd64-cygwin\jdk8u121\8372\hotspot\src\share\vm\classfile\systemDictionary.cpp, line 210]
Event: 8.338 Thread 0x000000000355d800 Exception <a 'java/lang/ClassNotFoundException': com/android/build/gradle/tasks/NdkCompileCustomizer> (0x000000076c583578) thrown at [C:\re\workspace\8-2-build-windows-amd64-cygwin\jdk8u121\8372\hotspot\src\share\vm\classfile\systemDictionary.cpp, line 21
Event: 8.339 Thread 0x000000000355d800 Exception <a 'java/lang/ClassNotFoundException': com/android/build/gradle/tasks/NdkCompile_DecoratedCustomizer> (0x000000076c5c2bb8) thrown at [C:\re\workspace\8-2-build-windows-amd64-cygwin\jdk8u121\8372\hotspot\src\share\vm\classfile\systemDictionary.cp

Events (10 events):
Event: 8.429 loading class com/sun/org/apache/xpath/internal/axes/WalkingIterator
Event: 8.430 loading class com/sun/org/apache/xpath/internal/axes/LocPathIterator
Event: 8.430 loading class com/sun/org/apache/xml/internal/dtm/DTMIterator
Event: 8.430 loading class com/sun/org/apache/xml/internal/dtm/DTMIterator done
Event: 8.430 loading class com/sun/org/apache/xpath/internal/axes/PathComponent
Event: 8.430 loading class com/sun/org/apache/xpath/internal/axes/PathComponent done
Event: 8.430 loading class com/sun/org/apache/xpath/internal/axes/PredicatedNodeTest
Event: 8.430 loading class com/sun/org/apache/xpath/internal/axes/SubContextList
Event: 8.430 loading class com/sun/org/apache/xpath/internal/axes/SubContextList done
Event: 8.430 loading class com/sun/org/apache/xpath/internal/patterns/NodeTest


Dynamic libraries:
0x00007ff6d96e0000 - 0x00007ff6d9717000 	C:\Program Files\Java\jdk1.8.0_121\bin\java.exe
0x00007ffc4ae40000 - 0x00007ffc4b011000 	C:\WINDOWS\SYSTEM32\ntdll.dll
0x00007ffc4ad20000 - 0x00007ffc4adcc000 	C:\WINDOWS\System32\KERNEL32.DLL
0x00007ffc47fd0000 - 0x00007ffc481ed000 	C:\WINDOWS\System32\KERNELBASE.dll
0x00007ffc4ac00000 - 0x00007ffc4aca2000 	C:\WINDOWS\System32\ADVAPI32.dll
0x00007ffc49bb0000 - 0x00007ffc49c4e000 	C:\WINDOWS\System32\msvcrt.dll
0x00007ffc49c50000 - 0x00007ffc49ca9000 	C:\WINDOWS\System32\sechost.dll
0x00007ffc4aa30000 - 0x00007ffc4ab51000 	C:\WINDOWS\System32\RPCRT4.dll
0x00007ffc4a8c0000 - 0x00007ffc4aa25000 	C:\WINDOWS\System32\USER32.dll
0x00007ffc481f0000 - 0x00007ffc4820e000 	C:\WINDOWS\System32\win32u.dll
0x00007ffc4a870000 - 0x00007ffc4a8a4000 	C:\WINDOWS\System32\GDI32.dll
0x00007ffc473e0000 - 0x00007ffc47562000 	C:\WINDOWS\System32\gdi32full.dll
0x00007ffc3ccc0000 - 0x00007ffc3cf3a000 	C:\WINDOWS\WinSxS\amd64_microsoft.windows.common-controls_6595b64144ccf1df_6.0.14393.953_none_42151e83c686086b\COMCTL32.dll
0x00007ffc498e0000 - 0x00007ffc49ba8000 	C:\WINDOWS\System32\combase.dll
0x00007ffc47d00000 - 0x00007ffc47df5000 	C:\WINDOWS\System32\ucrtbase.dll
0x00007ffc48210000 - 0x00007ffc4827a000 	C:\WINDOWS\System32\bcryptPrimitives.dll
0x00007ffc4a010000 - 0x00007ffc4a03e000 	C:\WINDOWS\System32\IMM32.DLL
0x000000005ab20000 - 0x000000005abf2000 	C:\Program Files\Java\jdk1.8.0_121\jre\bin\msvcr100.dll
0x000000005a280000 - 0x000000005ab1b000 	C:\Program Files\Java\jdk1.8.0_121\jre\bin\server\jvm.dll
0x00007ffc4abf0000 - 0x00007ffc4abf8000 	C:\WINDOWS\System32\PSAPI.DLL
0x00007ffc44dc0000 - 0x00007ffc44dc9000 	C:\WINDOWS\SYSTEM32\WSOCK32.dll
0x00007ffc451b0000 - 0x00007ffc451d3000 	C:\WINDOWS\SYSTEM32\WINMM.dll
0x00007ffc41fa0000 - 0x00007ffc41faa000 	C:\WINDOWS\SYSTEM32\VERSION.dll
0x00007ffc4ab60000 - 0x00007ffc4abca000 	C:\WINDOWS\System32\WS2_32.dll
0x00007ffc45150000 - 0x00007ffc4517b000 	C:\WINDOWS\SYSTEM32\WINMMBASE.dll
0x00007ffc47390000 - 0x00007ffc473d2000 	C:\WINDOWS\System32\cfgmgr32.dll
0x000000005a270000 - 0x000000005a27f000 	C:\Program Files\Java\jdk1.8.0_121\jre\bin\verify.dll
0x000000005a240000 - 0x000000005a269000 	C:\Program Files\Java\jdk1.8.0_121\jre\bin\java.dll
0x000000005a220000 - 0x000000005a236000 	C:\Program Files\Java\jdk1.8.0_121\jre\bin\zip.dll
0x00007ffc483d0000 - 0x00007ffc498d8000 	C:\WINDOWS\System32\SHELL32.dll
0x00007ffc47620000 - 0x00007ffc47cfa000 	C:\WINDOWS\System32\windows.storage.dll
0x00007ffc472a0000 - 0x00007ffc472ec000 	C:\WINDOWS\System32\powrprof.dll
0x00007ffc49e10000 - 0x00007ffc49e62000 	C:\WINDOWS\System32\shlwapi.dll
0x00007ffc47300000 - 0x00007ffc4730f000 	C:\WINDOWS\System32\kernel.appcore.dll
0x00007ffc48280000 - 0x00007ffc48329000 	C:\WINDOWS\System32\shcore.dll
0x00007ffc47310000 - 0x00007ffc47324000 	C:\WINDOWS\System32\profapi.dll
0x000000005a200000 - 0x000000005a21a000 	C:\Program Files\Java\jdk1.8.0_121\jre\bin\net.dll
0x00007ffc46b40000 - 0x00007ffc46b9c000 	C:\WINDOWS\system32\mswsock.dll
0x000000005a1e0000 - 0x000000005a1f1000 	C:\Program Files\Java\jdk1.8.0_121\jre\bin\nio.dll
0x00007ffc42050000 - 0x00007ffc42062000 	C:\Users\HelenChen\.gradle\native\19\windows-amd64\native-platform.dll
0x0000000180000000 - 0x0000000180037000 	C:\Users\HelenChen\.gradle\native\jna\win32-amd64\jnidispatch.dll
0x00007ffc46cf0000 - 0x00007ffc46d07000 	C:\WINDOWS\SYSTEM32\CRYPTSP.dll
0x00007ffc46740000 - 0x00007ffc46773000 	C:\WINDOWS\system32\rsaenh.dll
0x00007ffc471e0000 - 0x00007ffc4720b000 	C:\WINDOWS\SYSTEM32\bcrypt.dll
0x00007ffc469c0000 - 0x00007ffc469df000 	C:\WINDOWS\SYSTEM32\USERENV.dll
0x00007ffc46ce0000 - 0x00007ffc46ceb000 	C:\WINDOWS\SYSTEM32\CRYPTBASE.dll
0x00007ffc468c0000 - 0x00007ffc468f8000 	C:\WINDOWS\SYSTEM32\IPHLPAPI.DLL
0x00007ffc4acb0000 - 0x00007ffc4acb8000 	C:\WINDOWS\System32\NSI.dll
0x00007ffc40250000 - 0x00007ffc40266000 	C:\WINDOWS\SYSTEM32\dhcpcsvc6.DLL
0x00007ffc401d0000 - 0x00007ffc401ea000 	C:\WINDOWS\SYSTEM32\dhcpcsvc.DLL
0x000000005a1d0000 - 0x000000005a1dd000 	C:\Program Files\Java\jdk1.8.0_121\jre\bin\management.dll

VM Arguments:
jvm_args: -Dorg.gradle.appname=gradlew 
java_command: org.gradle.wrapper.GradleWrapperMain installDebug
java_class_path (initial): D:\RN\A_Project\GridTools\GridTools\android\\gradle\wrapper\gradle-wrapper.jar
Launcher Type: SUN_STANDARD

Environment Variables:
JAVA_HOME=C:\Program Files\Java\jdk1.8.0_121
CLASSPATH=D:\RN\A_Project\GridTools\GridTools\android\\gradle\wrapper\gradle-wrapper.jar
PATH=C:\Python27\;C:\Python27\Scripts;C:\ProgramData\Oracle\Java\javapath;C:\WINDOWS\system32;C:\WINDOWS;C:\WINDOWS\System32\Wbem;C:\WINDOWS\System32\WindowsPowerShell\v1.0\;C:\Program Files\Java\jdk1.8.0_121\bin;C:\Program Files\Java\jdk1.8.0_121\jre\bin;C:\Program Files\TortoiseSVN\bin;G:\My_SDK\platform-tools;C:\ProgramData\chocolatey\bin;C:\Program Files\nodejs\;G:\My_SDK\tools;G:\My_SDK\platform-tools;C:\Program Files (x86)\Windows Kits\8.1\Windows Performance Toolkit\;C:\Program Files\Git\cmd;C:\WINDOWS\system32\config\systemprofile\.dnx\bin;C:\Program Files\Microsoft DNX\Dnvm\;C:\Program Files\Microsoft SQL Server\130\Tools\Binn\;C:\Users\HelenChen\AppData\Local\Microsoft\WindowsApps;C:\Users\HelenChen\AppData\Roaming\npm
USERNAME=HelenChen
OS=Windows_NT
PROCESSOR_IDENTIFIER=Intel64 Family 6 Model 60 Stepping 3, GenuineIntel



---------------  S Y S T E M  ---------------

OS: Windows 10.0 , 64 bit Build 14393 (10.0.14393.1198)

CPU:total 8 (4 cores per cpu, 2 threads per core) family 6 model 60 stepping 3, cmov, cx8, fxsr, mmx, sse, sse2, sse3, ssse3, sse4.1, sse4.2, popcnt, avx, avx2, aes, clmul, erms, lzcnt, ht, tsc, tscinvbit, bmi1, bmi2

Memory: 4k page, physical 16674872k(1074508k free), swap 31327284k(3532k free)

vm_info: Java HotSpot(TM) 64-Bit Server VM (25.121-b13) for windows-amd64 JRE (1.8.0_121-b13), built on Dec 12 2016 18:21:36 by "java_re" with MS VC++ 10.0 (VS2010)

time: Thu Jan 18 11:30:43 2018
elapsed time: 8 seconds (0d 0h 0m 8s)

